#
# A fatal error has been detected by the Java Runtime Environment:
#
#  EXCEPTION_ACCESS_VIOLATION (0xc0000005) at pc=0x00007ffa8e01fa2a, pid=27068, tid=11072
#
# JRE version: OpenJDK Runtime Environment Temurin-17.0.4.1+1 (17.0.4.1+1) (build 17.0.4.1+1)
# Java VM: OpenJDK 64-Bit Server VM Temurin-17.0.4.1+1 (17.0.4.1+1, mixed mode, tiered, compressed oops, compressed class ptrs, g1 gc, windows-amd64)
# Problematic frame:
# V  [jvm.dll+0x79fa2a]
#
# No core dump will be written. Minidumps are not enabled by default on client versions of Windows
#
# If you would like to submit a bug report, please visit:
#   https://github.com/adoptium/adoptium-support/issues
#

---------------  S U M M A R Y ------------

Command Line: -XX:+ShowCodeDetailsInExceptionMessages -agentlib:jdwp=transport=dt_socket,suspend=y,address=localhost:61456 -ea -javaagent:C:\ECLIPESES\eclipse092022\configuration\org.eclipse.osgi\228\0\.cp\lib\javaagent-shaded.jar -Dfile.encoding=UTF-8 org.eclipse.jdt.internal.junit.runner.RemoteTestRunner -version 3 -port 61455 -testLoaderClass org.eclipse.jdt.internal.junit5.runner.JUnit5TestLoader -loaderpluginname org.eclipse.jdt.junit5.runtime -test eda1.practicas.practica01.Practica01Test:test01 -uniqueId [engine:junit-jupiter]/[class:eda1.practicas.practica01.Practica01Test]/[method:test01()]

Host: AMD Ryzen 5 4500U with Radeon Graphics         , 6 cores, 7G,  Windows 11 , 64 bit Build 22000 (10.0.22000.1516)
Time: Wed Sep 20 10:15:18 2023 Hora de verano romance elapsed time: 72.106820 seconds (0d 0h 1m 12s)

---------------  T H R E A D  ---------------

Current thread (0x000002439ba4fb90):  JavaThread "JDWP Transport Listener: dt_socket" daemon [_thread_in_vm, id=11072, stack(0x0000008169800000,0x0000008169900000)]

Stack: [0x0000008169800000,0x0000008169900000],  sp=0x00000081698ff7a0,  free space=1021k
Native frames: (J=compiled Java code, j=interpreted, Vv=VM code, C=native code)
V  [jvm.dll+0x79fa2a]
V  [jvm.dll+0x50965c]
V  [jvm.dll+0x4d0cc4]
C  [jdwp.dll+0x22f7b]


siginfo: EXCEPTION_ACCESS_VIOLATION (0xc0000005), reading address 0x0000000000770089


Register to memory mapping:

RIP=0x00007ffa8e01fa2a jvm.dll
RAX=0x0000000000000086 is an unknown value
RBX=0x000002439b803444 points into unknown readable memory: 73 2f 70 72
RCX=0x0000000000770085 is an unknown value
RDX=0x000002439c57d5a0 points into unknown readable memory: 0x72702f316164654c | 4c 65 64 61 31 2f 70 72
RSP=0x00000081698ff7a0 is pointing into the stack for thread: 0x000002439ba4fb90
RBP=0x000002439ba6d120 points into unknown readable memory: 0x0043005000000002 | 02 00 00 00 50 00 43 00
RSI=0x0 is NULL
RDI=0xffffffffffffffff is an unknown value
R8 =0x0000000000000008 is an unknown value
R9 =0x0000000000000040 is an unknown value
R10=0x0 is NULL
R11=0x00000081698ff7c0 is pointing into the stack for thread: 0x000002439ba4fb90
R12=0x00000081698ff8f8 is pointing into the stack for thread: 0x000002439ba4fb90
R13=0x0 is NULL
R14=0x0000000100191000 is a pointer to class: 
eda1.practicas.practica01.Mascota {0x0000000100191008}
 - instance size:     3
 - klass size:        83
 - access:            public synchronized 
 - state:             fully_initialized
 - name:              'eda1/practicas/practica01/Mascota'
 - super:             'java/lang/Object'
 - sub:               
 - arrays:            NULL
 - methods:           Array<T>(0x000002439ccaba30)
 - method ordering:   Array<T>(0x000002439ccac378)
 - default_methods:   Array<T>(0x000002439cc92f50)
 - default vtable indices:   Array<T>(0x000002439cc92f68)
 - local interfaces:  Array<T>(0x000002439cc92598)
 - trans. interfaces: Array<T>(0x000002439cc92598)
 - constants:         constant pool [136] {0x000002439ccace30} for 'eda1/practicas/practica01/Mascota' cache=0x000002439ccad308
 - class loader data:  loader data: 0x000002439b9a4300 for instance a 'jdk/internal/loader/ClassLoaders$AppClassLoader'{0x0000000090200120}
 - source file:       'Mascota.java'
 - source debug extension:       SMAP
Mascota.java
Java
*S jdt
*F
1 Mascota.java
2 file:/C:/WORKPLACES/MP2023/EDA1_2024_pruebas/bin/
*L
*E

 - class annotations:       Array<T>(0x0000000000000000)
 - class type annotations:  Array<T>(0x0000000000000000)
 - field annotations:       Array<T>(0x0000000000000000)
 - field type annotations:  Array<T>(0x0000000000000000)
 - previous version:  constant pool [133] {0x000002439cc920d8} for 'eda1/practicas/practica01/Mascota' (extra) cache=0x000002439cc92f78
 - generic signature: '
[error occurred during error reporting (printing register info), id 0xc0000005, EXCEPTION_ACCESS_VIOLATION (0xc0000005) at pc=0x00007ffa8e020636]

Registers:
RAX=0x0000000000000086, RBX=0x000002439b803444, RCX=0x0000000000770085, RDX=0x000002439c57d5a0
RSP=0x00000081698ff7a0, RBP=0x000002439ba6d120, RSI=0x0000000000000000, RDI=0xffffffffffffffff
R8 =0x0000000000000008, R9 =0x0000000000000040, R10=0x0000000000000000, R11=0x00000081698ff7c0
R12=0x00000081698ff8f8, R13=0x0000000000000000, R14=0x0000000100191000, R15=0x00000081698ff948
RIP=0x00007ffa8e01fa2a, EFLAGS=0x0000000000010206

Top of Stack: (sp=0x00000081698ff7a0)
0x00000081698ff7a0:   0000000000000021 0000000100191000
0x00000081698ff7b0:   000002439ba4fb90 0000000000000000
0x00000081698ff7c0:   ffffffffffffffff 00007ffa8dd8965c
0x00000081698ff7d0:   000002439b803444 000002439b803420
0x00000081698ff7e0:   000002439ba6d120 000002439d026de0
0x00000081698ff7f0:   000002439b8033e0 00000000000003d8
0x00000081698ff800:   000002439b8033f0 000002439b8037c8
0x00000081698ff810:   0000000000000002 00000081698ff8f8
0x00000081698ff820:   0000000000000000 0000000000000000
0x00000081698ff830:   00000000909c1870 00007ffa8dd50cc4
0x00000081698ff840:   000002439ba4fb90 00000081698ff948
0x00000081698ff850:   00000243ff9b6380 00000081698ff948
0x00000081698ff860:   000002439ba4fb90 0000000000000000
0x00000081698ff870:   0000024300000000 0000000000000000
0x00000081698ff880:   000000000000000d 00007ffaf4452f7b
0x00000081698ff890:   00000081698ff940 00007ffaf4461600 

Instructions: (pc=0x00007ffa8e01fa2a)
0x00007ffa8e01f92a:   48 83 c4 20 5f e9 bc 69 90 ff cc cc cc cc cc cc
0x00007ffa8e01f93a:   cc cc cc cc cc cc 48 89 5c 24 08 57 48 83 ec 20
0x00007ffa8e01f94a:   83 fa 02 8d 42 06 b9 08 00 00 00 49 8b d8 0f 4e
0x00007ffa8e01f95a:   c1 48 63 c8 48 83 c1 07 83 e1 f8 48 63 f9 49 8b
0x00007ffa8e01f96a:   48 18 48 8b c7 48 f7 d0 48 3b c1 73 16 4c 8d 05
0x00007ffa8e01f97a:   ba 58 17 00 48 8b d7 48 8b cb e8 c7 cc 90 ff 48
0x00007ffa8e01f98a:   8b 4b 18 48 8d 04 39 48 3b 43 20 76 18 45 33 c0
0x00007ffa8e01f99a:   48 8b d7 48 8b cb 48 8b 5c 24 30 48 83 c4 20 5f
0x00007ffa8e01f9aa:   e9 21 c9 90 ff 48 89 43 18 48 8b c1 48 8b 5c 24
0x00007ffa8e01f9ba:   30 48 83 c4 20 5f c3 cc cc cc cc cc cc cc cc cc
0x00007ffa8e01f9ca:   cc cc cc cc cc cc 4c 8b d2 4c 8b d9 45 85 c0 7e
0x00007ffa8e01f9da:   3c 44 0f b7 49 04 41 8d 40 ff 41 3b c1 44 0f 4c
0x00007ffa8e01f9ea:   c8 4d 63 c1 45 85 c9 7e 1f 48 8b c2 4c 2b da 49
0x00007ffa8e01f9fa:   8b d0 0f 1f 40 00 41 0f b6 4c 03 06 88 08 48 8d
0x00007ffa8e01fa0a:   40 01 48 83 ea 01 75 ee 43 c6 04 10 00 49 8b c2
0x00007ffa8e01fa1a:   c3 cc cc cc cc cc 48 89 5c 24 08 57 48 83 ec 20
0x00007ffa8e01fa2a:   0f b7 59 04 48 8b f9 33 d2 48 8d 4b 01 e8 f4 d9
0x00007ffa8e01fa3a:   f2 ff 0f b7 57 04 4c 8b c0 3b da 0f 42 d3 44 8b
0x00007ffa8e01fa4a:   ca 85 d2 74 39 48 2b f8 0f 1f 40 00 66 66 0f 1f
0x00007ffa8e01fa5a:   84 00 00 00 00 00 0f b6 4c 07 06 88 08 48 ff c0
0x00007ffa8e01fa6a:   48 8b c8 49 2b c8 49 3b c9 7c eb 42 c6 04 02 00
0x00007ffa8e01fa7a:   49 8b c0 48 8b 5c 24 30 48 83 c4 20 5f c3 48 8b
0x00007ffa8e01fa8a:   5c 24 30 c6 04 02 00 48 83 c4 20 5f c3 cc cc cc
0x00007ffa8e01fa9a:   cc cc cc cc cc cc 4c 8b d1 45 85 c0 7e 6c 44 0f
0x00007ffa8e01faaa:   b7 49 04 41 8d 40 ff 41 3b c1 44 0f 4c c8 4d 63
0x00007ffa8e01faba:   d9 45 85 c9 7e 22 48 8b ca 4c 2b d2 4d 8b c3 0f
0x00007ffa8e01faca:   1f 80 00 00 00 00 41 0f b6 44 0a 06 88 01 48 8d
0x00007ffa8e01fada:   49 01 49 83 e8 01 75 ee 41 c6 04 13 00 48 c7 c0
0x00007ffa8e01faea:   ff ff ff ff 66 90 48 ff c0 80 3c 02 00 75 f7 48
0x00007ffa8e01fafa:   63 c8 85 c0 48 8b c2 7e 14 80 38 2f 75 03 c6 00
0x00007ffa8e01fb0a:   2e 48 ff c0 48 83 e9 01 75 ef 48 8b c2 c3 cc cc
0x00007ffa8e01fb1a:   cc cc cc cc cc cc 48 83 ec 28 e8 f7 fe ff ff 4c 


Stack slot to memory mapping:
stack at sp + 0 slots: 0x0000000000000021 is an unknown value
stack at sp + 1 slots: 0x0000000100191000 is a pointer to class: 
eda1.practicas.practica01.Mascota {0x0000000100191008}
 - instance size:     3
 - klass size:        83
 - access:            public synchronized 
 - state:             fully_initialized
 - name:              'eda1/practicas/practica01/Mascota'
 - super:             'java/lang/Object'
 - sub:               
 - arrays:            NULL
 - methods:           Array<T>(0x000002439ccaba30)
 - method ordering:   Array<T>(0x000002439ccac378)
 - default_methods:   Array<T>(0x000002439cc92f50)
 - default vtable indices:   Array<T>(0x000002439cc92f68)
 - local interfaces:  Array<T>(0x000002439cc92598)
 - trans. interfaces: Array<T>(0x000002439cc92598)
 - constants:         constant pool [136] {0x000002439ccace30} for 'eda1/practicas/practica01/Mascota' cache=0x000002439ccad308
 - class loader data:  loader data: 0x000002439b9a4300 for instance a 'jdk/internal/loader/ClassLoaders$AppClassLoader'{0x0000000090200120}
 - source file:       'Mascota.java'
 - source debug extension:       SMAP
Mascota.java
Java
*S jdt
*F
1 Mascota.java
2 file:/C:/WORKPLACES/MP2023/EDA1_2024_pruebas/bin/
*L
*E

 - class annotations:       Array<T>(0x0000000000000000)
 - class type annotations:  Array<T>(0x0000000000000000)
 - field annotations:       Array<T>(0x0000000000000000)
 - field type annotations:  Array<T>(0x0000000000000000)
 - previous version:  constant pool [133] {0x000002439cc920d8} for 'eda1/practicas/practica01/Mascota' (extra) cache=0x000002439cc92f78
 - generic signature: '
[error occurred during error reporting (inspecting top of stack), id 0xc0000005, EXCEPTION_ACCESS_VIOLATION (0xc0000005) at pc=0x00007ffa8e020636]


---------------  P R O C E S S  ---------------

Threads class SMR info:
_java_thread_list=0x000002439c656570, length=16, elements={
0x00000243ff9c80f0, 0x000002439abafa20, 0x000002439abb0b70, 0x000002439ac05200,
0x000002439ac05bb0, 0x000002439ac06560, 0x000002439ac19fd0, 0x000002439b801560,
0x000002439b801e60, 0x000002439b8137b0, 0x000002439b8a5a30, 0x000002439ba4fb90,
0x000002439bab8140, 0x000002439bb33b90, 0x000002439c02c010, 0x000002439c2d4ea0
}

Java Threads: ( => current thread )
  0x00000243ff9c80f0 JavaThread "main" [_thread_blocked, id=15924, stack(0x0000008168700000,0x0000008168800000)]
  0x000002439abafa20 JavaThread "Reference Handler" daemon [_thread_blocked, id=16708, stack(0x0000008168e00000,0x0000008168f00000)]
  0x000002439abb0b70 JavaThread "Finalizer" daemon [_thread_blocked, id=25956, stack(0x0000008168f00000,0x0000008169000000)]
  0x000002439ac05200 JavaThread "Signal Dispatcher" daemon [_thread_blocked, id=17468, stack(0x0000008169000000,0x0000008169100000)]
  0x000002439ac05bb0 JavaThread "Attach Listener" daemon [_thread_blocked, id=20136, stack(0x0000008169100000,0x0000008169200000)]
  0x000002439ac06560 JavaThread "Service Thread" daemon [_thread_blocked, id=25608, stack(0x0000008169200000,0x0000008169300000)]
  0x000002439ac19fd0 JavaThread "Monitor Deflation Thread" daemon [_thread_blocked, id=27236, stack(0x0000008169300000,0x0000008169400000)]
  0x000002439b801560 JavaThread "C2 CompilerThread0" daemon [_thread_blocked, id=10016, stack(0x0000008169400000,0x0000008169500000)]
  0x000002439b801e60 JavaThread "C1 CompilerThread0" daemon [_thread_blocked, id=27404, stack(0x0000008169500000,0x0000008169600000)]
  0x000002439b8137b0 JavaThread "Sweeper thread" daemon [_thread_blocked, id=19108, stack(0x0000008169600000,0x0000008169700000)]
  0x000002439b8a5a30 JavaThread "Common-Cleaner" daemon [_thread_blocked, id=19584, stack(0x0000008169700000,0x0000008169800000)]
=>0x000002439ba4fb90 JavaThread "JDWP Transport Listener: dt_socket" daemon [_thread_in_vm, id=11072, stack(0x0000008169800000,0x0000008169900000)]
  0x000002439bab8140 JavaThread "JDWP Event Helper Thread" daemon [_thread_blocked, id=4464, stack(0x0000008169900000,0x0000008169a00000)]
  0x000002439bb33b90 JavaThread "JDWP Command Reader" daemon [_thread_in_native, id=10072, stack(0x0000008169a00000,0x0000008169b00000)]
  0x000002439c02c010 JavaThread "Notification Thread" daemon [_thread_blocked, id=25256, stack(0x0000008169b00000,0x0000008169c00000)]
  0x000002439c2d4ea0 JavaThread "ReaderThread" [_thread_in_native, id=5808, stack(0x0000008169e00000,0x0000008169f00000)]

Other Threads:
  0x000002439abdcca0 VMThread "VM Thread" [stack: 0x0000008168d00000,0x0000008168e00000] [id=16836]
  0x00000243ff9c8d70 WatcherThread [stack: 0x0000008169c00000,0x0000008169d00000] [id=3088]
  0x00000243ffa1d2f0 GCTaskThread "GC Thread#0" [stack: 0x0000008168800000,0x0000008168900000] [id=10568]
  0x000002439c627fd0 GCTaskThread "GC Thread#1" [stack: 0x0000008169f00000,0x000000816a000000] [id=1732]
  0x000002439c628280 GCTaskThread "GC Thread#2" [stack: 0x000000816a000000,0x000000816a100000] [id=19636]
  0x000002439c628530 GCTaskThread "GC Thread#3" [stack: 0x000000816a100000,0x000000816a200000] [id=24480]
  0x000002439c6997b0 GCTaskThread "GC Thread#4" [stack: 0x000000816a200000,0x000000816a300000] [id=24132]
  0x000002439c699a60 GCTaskThread "GC Thread#5" [stack: 0x000000816a300000,0x000000816a400000] [id=17460]
  0x00000243ffa2ce00 ConcurrentGCThread "G1 Main Marker" [stack: 0x0000008168900000,0x0000008168a00000] [id=25908]
  0x00000243ffa2d810 ConcurrentGCThread "G1 Conc#0" [stack: 0x0000008168a00000,0x0000008168b00000] [id=9240]
  0x00000243ffa9dc20 ConcurrentGCThread "G1 Refine#0" [stack: 0x0000008168b00000,0x0000008168c00000] [id=23796]
  0x00000243ffa9e3e0 ConcurrentGCThread "G1 Service" [stack: 0x0000008168c00000,0x0000008168d00000] [id=24532]

Threads with active compile tasks:

VM state: not at safepoint (normal execution)

VM Mutex/Monitor currently owned by a thread: None

Heap address: 0x000000008a200000, size: 1886 MB, Compressed Oops mode: 32-bit

CDS archive(s) not mapped
Compressed class space mapped at: 0x0000000100000000-0x0000000140000000, reserved size: 1073741824
Narrow klass base: 0x0000000000000000, Narrow klass shift: 3, Narrow klass range: 0x140000000

GC Precious Log:
 CPUs: 6 total, 6 available
 Memory: 7541M
 Large Page Support: Disabled
 NUMA Support: Disabled
 Compressed Oops: Enabled (32-bit)
 Heap Region Size: 1M
 Heap Min Capacity: 8M
 Heap Initial Capacity: 118M
 Heap Max Capacity: 1886M
 Pre-touch: Disabled
 Parallel Workers: 6
 Concurrent Workers: 2
 Concurrent Refinement Workers: 6
 Periodic GC: Disabled

Heap:
 garbage-first heap   total 120832K, used 17600K [0x000000008a200000, 0x0000000100000000)
  region size 1024K, 19 young (19456K), 3 survivors (3072K)
 Metaspace       used 14859K, committed 14976K, reserved 1064960K
  class space    used 1530K, committed 1600K, reserved 1048576K

Heap Regions: E=young(eden), S=young(survivor), O=old, HS=humongous(starts), HC=humongous(continues), CS=collection set, F=free, OA=open archive, CA=closed archive, TAMS=top-at-mark-start (previous, next)
|   0|0x000000008a200000, 0x000000008a200000, 0x000000008a300000|  0%| F|  |TAMS 0x000000008a200000, 0x000000008a200000| Untracked 
|   1|0x000000008a300000, 0x000000008a300000, 0x000000008a400000|  0%| F|  |TAMS 0x000000008a300000, 0x000000008a300000| Untracked 
|   2|0x000000008a400000, 0x000000008a400000, 0x000000008a500000|  0%| F|  |TAMS 0x000000008a400000, 0x000000008a400000| Untracked 
|   3|0x000000008a500000, 0x000000008a500000, 0x000000008a600000|  0%| F|  |TAMS 0x000000008a500000, 0x000000008a500000| Untracked 
|   4|0x000000008a600000, 0x000000008a600000, 0x000000008a700000|  0%| F|  |TAMS 0x000000008a600000, 0x000000008a600000| Untracked 
|   5|0x000000008a700000, 0x000000008a700000, 0x000000008a800000|  0%| F|  |TAMS 0x000000008a700000, 0x000000008a700000| Untracked 
|   6|0x000000008a800000, 0x000000008a800000, 0x000000008a900000|  0%| F|  |TAMS 0x000000008a800000, 0x000000008a800000| Untracked 
|   7|0x000000008a900000, 0x000000008a900000, 0x000000008aa00000|  0%| F|  |TAMS 0x000000008a900000, 0x000000008a900000| Untracked 
|   8|0x000000008aa00000, 0x000000008aa00000, 0x000000008ab00000|  0%| F|  |TAMS 0x000000008aa00000, 0x000000008aa00000| Untracked 
|   9|0x000000008ab00000, 0x000000008ab00000, 0x000000008ac00000|  0%| F|  |TAMS 0x000000008ab00000, 0x000000008ab00000| Untracked 
|  10|0x000000008ac00000, 0x000000008ac00000, 0x000000008ad00000|  0%| F|  |TAMS 0x000000008ac00000, 0x000000008ac00000| Untracked 
|  11|0x000000008ad00000, 0x000000008ad00000, 0x000000008ae00000|  0%| F|  |TAMS 0x000000008ad00000, 0x000000008ad00000| Untracked 
|  12|0x000000008ae00000, 0x000000008ae00000, 0x000000008af00000|  0%| F|  |TAMS 0x000000008ae00000, 0x000000008ae00000| Untracked 
|  13|0x000000008af00000, 0x000000008af00000, 0x000000008b000000|  0%| F|  |TAMS 0x000000008af00000, 0x000000008af00000| Untracked 
|  14|0x000000008b000000, 0x000000008b000000, 0x000000008b100000|  0%| F|  |TAMS 0x000000008b000000, 0x000000008b000000| Untracked 
|  15|0x000000008b100000, 0x000000008b100000, 0x000000008b200000|  0%| F|  |TAMS 0x000000008b100000, 0x000000008b100000| Untracked 
|  16|0x000000008b200000, 0x000000008b200000, 0x000000008b300000|  0%| F|  |TAMS 0x000000008b200000, 0x000000008b200000| Untracked 
|  17|0x000000008b300000, 0x000000008b300000, 0x000000008b400000|  0%| F|  |TAMS 0x000000008b300000, 0x000000008b300000| Untracked 
|  18|0x000000008b400000, 0x000000008b400000, 0x000000008b500000|  0%| F|  |TAMS 0x000000008b400000, 0x000000008b400000| Untracked 
|  19|0x000000008b500000, 0x000000008b500000, 0x000000008b600000|  0%| F|  |TAMS 0x000000008b500000, 0x000000008b500000| Untracked 
|  20|0x000000008b600000, 0x000000008b600000, 0x000000008b700000|  0%| F|  |TAMS 0x000000008b600000, 0x000000008b600000| Untracked 
|  21|0x000000008b700000, 0x000000008b700000, 0x000000008b800000|  0%| F|  |TAMS 0x000000008b700000, 0x000000008b700000| Untracked 
|  22|0x000000008b800000, 0x000000008b800000, 0x000000008b900000|  0%| F|  |TAMS 0x000000008b800000, 0x000000008b800000| Untracked 
|  23|0x000000008b900000, 0x000000008b900000, 0x000000008ba00000|  0%| F|  |TAMS 0x000000008b900000, 0x000000008b900000| Untracked 
|  24|0x000000008ba00000, 0x000000008ba00000, 0x000000008bb00000|  0%| F|  |TAMS 0x000000008ba00000, 0x000000008ba00000| Untracked 
|  25|0x000000008bb00000, 0x000000008bb00000, 0x000000008bc00000|  0%| F|  |TAMS 0x000000008bb00000, 0x000000008bb00000| Untracked 
|  26|0x000000008bc00000, 0x000000008bc00000, 0x000000008bd00000|  0%| F|  |TAMS 0x000000008bc00000, 0x000000008bc00000| Untracked 
|  27|0x000000008bd00000, 0x000000008bd00000, 0x000000008be00000|  0%| F|  |TAMS 0x000000008bd00000, 0x000000008bd00000| Untracked 
|  28|0x000000008be00000, 0x000000008be00000, 0x000000008bf00000|  0%| F|  |TAMS 0x000000008be00000, 0x000000008be00000| Untracked 
|  29|0x000000008bf00000, 0x000000008bf00000, 0x000000008c000000|  0%| F|  |TAMS 0x000000008bf00000, 0x000000008bf00000| Untracked 
|  30|0x000000008c000000, 0x000000008c000000, 0x000000008c100000|  0%| F|  |TAMS 0x000000008c000000, 0x000000008c000000| Untracked 
|  31|0x000000008c100000, 0x000000008c100000, 0x000000008c200000|  0%| F|  |TAMS 0x000000008c100000, 0x000000008c100000| Untracked 
|  32|0x000000008c200000, 0x000000008c200000, 0x000000008c300000|  0%| F|  |TAMS 0x000000008c200000, 0x000000008c200000| Untracked 
|  33|0x000000008c300000, 0x000000008c300000, 0x000000008c400000|  0%| F|  |TAMS 0x000000008c300000, 0x000000008c300000| Untracked 
|  34|0x000000008c400000, 0x000000008c400000, 0x000000008c500000|  0%| F|  |TAMS 0x000000008c400000, 0x000000008c400000| Untracked 
|  35|0x000000008c500000, 0x000000008c500000, 0x000000008c600000|  0%| F|  |TAMS 0x000000008c500000, 0x000000008c500000| Untracked 
|  36|0x000000008c600000, 0x000000008c600000, 0x000000008c700000|  0%| F|  |TAMS 0x000000008c600000, 0x000000008c600000| Untracked 
|  37|0x000000008c700000, 0x000000008c700000, 0x000000008c800000|  0%| F|  |TAMS 0x000000008c700000, 0x000000008c700000| Untracked 
|  38|0x000000008c800000, 0x000000008c800000, 0x000000008c900000|  0%| F|  |TAMS 0x000000008c800000, 0x000000008c800000| Untracked 
|  39|0x000000008c900000, 0x000000008c900000, 0x000000008ca00000|  0%| F|  |TAMS 0x000000008c900000, 0x000000008c900000| Untracked 
|  40|0x000000008ca00000, 0x000000008ca00000, 0x000000008cb00000|  0%| F|  |TAMS 0x000000008ca00000, 0x000000008ca00000| Untracked 
|  41|0x000000008cb00000, 0x000000008cb00000, 0x000000008cc00000|  0%| F|  |TAMS 0x000000008cb00000, 0x000000008cb00000| Untracked 
|  42|0x000000008cc00000, 0x000000008cc00000, 0x000000008cd00000|  0%| F|  |TAMS 0x000000008cc00000, 0x000000008cc00000| Untracked 
|  43|0x000000008cd00000, 0x000000008cd00000, 0x000000008ce00000|  0%| F|  |TAMS 0x000000008cd00000, 0x000000008cd00000| Untracked 
|  44|0x000000008ce00000, 0x000000008ce00000, 0x000000008cf00000|  0%| F|  |TAMS 0x000000008ce00000, 0x000000008ce00000| Untracked 
|  45|0x000000008cf00000, 0x000000008cf00000, 0x000000008d000000|  0%| F|  |TAMS 0x000000008cf00000, 0x000000008cf00000| Untracked 
|  46|0x000000008d000000, 0x000000008d000000, 0x000000008d100000|  0%| F|  |TAMS 0x000000008d000000, 0x000000008d000000| Untracked 
|  47|0x000000008d100000, 0x000000008d100000, 0x000000008d200000|  0%| F|  |TAMS 0x000000008d100000, 0x000000008d100000| Untracked 
|  48|0x000000008d200000, 0x000000008d200000, 0x000000008d300000|  0%| F|  |TAMS 0x000000008d200000, 0x000000008d200000| Untracked 
|  49|0x000000008d300000, 0x000000008d300000, 0x000000008d400000|  0%| F|  |TAMS 0x000000008d300000, 0x000000008d300000| Untracked 
|  50|0x000000008d400000, 0x000000008d400000, 0x000000008d500000|  0%| F|  |TAMS 0x000000008d400000, 0x000000008d400000| Untracked 
|  51|0x000000008d500000, 0x000000008d500000, 0x000000008d600000|  0%| F|  |TAMS 0x000000008d500000, 0x000000008d500000| Untracked 
|  52|0x000000008d600000, 0x000000008d600000, 0x000000008d700000|  0%| F|  |TAMS 0x000000008d600000, 0x000000008d600000| Untracked 
|  53|0x000000008d700000, 0x000000008d700000, 0x000000008d800000|  0%| F|  |TAMS 0x000000008d700000, 0x000000008d700000| Untracked 
|  54|0x000000008d800000, 0x000000008d800000, 0x000000008d900000|  0%| F|  |TAMS 0x000000008d800000, 0x000000008d800000| Untracked 
|  55|0x000000008d900000, 0x000000008d900000, 0x000000008da00000|  0%| F|  |TAMS 0x000000008d900000, 0x000000008d900000| Untracked 
|  56|0x000000008da00000, 0x000000008da00000, 0x000000008db00000|  0%| F|  |TAMS 0x000000008da00000, 0x000000008da00000| Untracked 
|  57|0x000000008db00000, 0x000000008db00000, 0x000000008dc00000|  0%| F|  |TAMS 0x000000008db00000, 0x000000008db00000| Untracked 
|  58|0x000000008dc00000, 0x000000008dc00000, 0x000000008dd00000|  0%| F|  |TAMS 0x000000008dc00000, 0x000000008dc00000| Untracked 
|  59|0x000000008dd00000, 0x000000008dd00000, 0x000000008de00000|  0%| F|  |TAMS 0x000000008dd00000, 0x000000008dd00000| Untracked 
|  60|0x000000008de00000, 0x000000008de00000, 0x000000008df00000|  0%| F|  |TAMS 0x000000008de00000, 0x000000008de00000| Untracked 
|  61|0x000000008df00000, 0x000000008df00000, 0x000000008e000000|  0%| F|  |TAMS 0x000000008df00000, 0x000000008df00000| Untracked 
|  62|0x000000008e000000, 0x000000008e000000, 0x000000008e100000|  0%| F|  |TAMS 0x000000008e000000, 0x000000008e000000| Untracked 
|  63|0x000000008e100000, 0x000000008e100000, 0x000000008e200000|  0%| F|  |TAMS 0x000000008e100000, 0x000000008e100000| Untracked 
|  64|0x000000008e200000, 0x000000008e200000, 0x000000008e300000|  0%| F|  |TAMS 0x000000008e200000, 0x000000008e200000| Untracked 
|  65|0x000000008e300000, 0x000000008e300000, 0x000000008e400000|  0%| F|  |TAMS 0x000000008e300000, 0x000000008e300000| Untracked 
|  66|0x000000008e400000, 0x000000008e400000, 0x000000008e500000|  0%| F|  |TAMS 0x000000008e400000, 0x000000008e400000| Untracked 
|  67|0x000000008e500000, 0x000000008e500000, 0x000000008e600000|  0%| F|  |TAMS 0x000000008e500000, 0x000000008e500000| Untracked 
|  68|0x000000008e600000, 0x000000008e600000, 0x000000008e700000|  0%| F|  |TAMS 0x000000008e600000, 0x000000008e600000| Untracked 
|  69|0x000000008e700000, 0x000000008e700000, 0x000000008e800000|  0%| F|  |TAMS 0x000000008e700000, 0x000000008e700000| Untracked 
|  70|0x000000008e800000, 0x000000008e800000, 0x000000008e900000|  0%| F|  |TAMS 0x000000008e800000, 0x000000008e800000| Untracked 
|  71|0x000000008e900000, 0x000000008e900000, 0x000000008ea00000|  0%| F|  |TAMS 0x000000008e900000, 0x000000008e900000| Untracked 
|  72|0x000000008ea00000, 0x000000008ea00000, 0x000000008eb00000|  0%| F|  |TAMS 0x000000008ea00000, 0x000000008ea00000| Untracked 
|  73|0x000000008eb00000, 0x000000008eb00000, 0x000000008ec00000|  0%| F|  |TAMS 0x000000008eb00000, 0x000000008eb00000| Untracked 
|  74|0x000000008ec00000, 0x000000008ec00000, 0x000000008ed00000|  0%| F|  |TAMS 0x000000008ec00000, 0x000000008ec00000| Untracked 
|  75|0x000000008ed00000, 0x000000008ed00000, 0x000000008ee00000|  0%| F|  |TAMS 0x000000008ed00000, 0x000000008ed00000| Untracked 
|  76|0x000000008ee00000, 0x000000008ee00000, 0x000000008ef00000|  0%| F|  |TAMS 0x000000008ee00000, 0x000000008ee00000| Untracked 
|  77|0x000000008ef00000, 0x000000008ef00000, 0x000000008f000000|  0%| F|  |TAMS 0x000000008ef00000, 0x000000008ef00000| Untracked 
|  78|0x000000008f000000, 0x000000008f000000, 0x000000008f100000|  0%| F|  |TAMS 0x000000008f000000, 0x000000008f000000| Untracked 
|  79|0x000000008f100000, 0x000000008f100000, 0x000000008f200000|  0%| F|  |TAMS 0x000000008f100000, 0x000000008f100000| Untracked 
|  80|0x000000008f200000, 0x000000008f200000, 0x000000008f300000|  0%| F|  |TAMS 0x000000008f200000, 0x000000008f200000| Untracked 
|  81|0x000000008f300000, 0x000000008f300000, 0x000000008f400000|  0%| F|  |TAMS 0x000000008f300000, 0x000000008f300000| Untracked 
|  82|0x000000008f400000, 0x000000008f400000, 0x000000008f500000|  0%| F|  |TAMS 0x000000008f400000, 0x000000008f400000| Untracked 
|  83|0x000000008f500000, 0x000000008f500000, 0x000000008f600000|  0%| F|  |TAMS 0x000000008f500000, 0x000000008f500000| Untracked 
|  84|0x000000008f600000, 0x000000008f600000, 0x000000008f700000|  0%| F|  |TAMS 0x000000008f600000, 0x000000008f600000| Untracked 
|  85|0x000000008f700000, 0x000000008f700000, 0x000000008f800000|  0%| F|  |TAMS 0x000000008f700000, 0x000000008f700000| Untracked 
|  86|0x000000008f800000, 0x000000008f800000, 0x000000008f900000|  0%| F|  |TAMS 0x000000008f800000, 0x000000008f800000| Untracked 
|  87|0x000000008f900000, 0x000000008f900000, 0x000000008fa00000|  0%| F|  |TAMS 0x000000008f900000, 0x000000008f900000| Untracked 
|  88|0x000000008fa00000, 0x000000008fa00000, 0x000000008fb00000|  0%| F|  |TAMS 0x000000008fa00000, 0x000000008fa00000| Untracked 
|  89|0x000000008fb00000, 0x000000008fb00000, 0x000000008fc00000|  0%| F|  |TAMS 0x000000008fb00000, 0x000000008fb00000| Untracked 
|  90|0x000000008fc00000, 0x000000008fc00000, 0x000000008fd00000|  0%| F|  |TAMS 0x000000008fc00000, 0x000000008fc00000| Untracked 
|  91|0x000000008fd00000, 0x000000008fd00000, 0x000000008fe00000|  0%| F|  |TAMS 0x000000008fd00000, 0x000000008fd00000| Untracked 
|  92|0x000000008fe00000, 0x000000008fe00000, 0x000000008ff00000|  0%| F|  |TAMS 0x000000008fe00000, 0x000000008fe00000| Untracked 
|  93|0x000000008ff00000, 0x000000008ff00000, 0x0000000090000000|  0%| F|  |TAMS 0x000000008ff00000, 0x000000008ff00000| Untracked 
|  94|0x0000000090000000, 0x0000000090030000, 0x0000000090100000| 18%| S|CS|TAMS 0x0000000090000000, 0x0000000090000000| Complete 
|  95|0x0000000090100000, 0x0000000090200000, 0x0000000090200000|100%| S|CS|TAMS 0x0000000090100000, 0x0000000090100000| Complete 
|  96|0x0000000090200000, 0x0000000090300000, 0x0000000090300000|100%| S|CS|TAMS 0x0000000090200000, 0x0000000090200000| Complete 
|  97|0x0000000090300000, 0x0000000090300000, 0x0000000090400000|  0%| F|  |TAMS 0x0000000090300000, 0x0000000090300000| Untracked 
|  98|0x0000000090400000, 0x0000000090400000, 0x0000000090500000|  0%| F|  |TAMS 0x0000000090400000, 0x0000000090400000| Untracked 
|  99|0x0000000090500000, 0x0000000090500000, 0x0000000090600000|  0%| F|  |TAMS 0x0000000090500000, 0x0000000090500000| Untracked 
| 100|0x0000000090600000, 0x0000000090600000, 0x0000000090700000|  0%| F|  |TAMS 0x0000000090600000, 0x0000000090600000| Untracked 
| 101|0x0000000090700000, 0x0000000090700000, 0x0000000090800000|  0%| F|  |TAMS 0x0000000090700000, 0x0000000090700000| Untracked 
| 102|0x0000000090800000, 0x00000000908cd4e0, 0x0000000090900000| 80%| E|  |TAMS 0x0000000090800000, 0x0000000090800000| Complete 
| 103|0x0000000090900000, 0x0000000090a00000, 0x0000000090a00000|100%| E|CS|TAMS 0x0000000090900000, 0x0000000090900000| Complete 
| 104|0x0000000090a00000, 0x0000000090b00000, 0x0000000090b00000|100%| E|CS|TAMS 0x0000000090a00000, 0x0000000090a00000| Complete 
| 105|0x0000000090b00000, 0x0000000090c00000, 0x0000000090c00000|100%| E|CS|TAMS 0x0000000090b00000, 0x0000000090b00000| Complete 
| 106|0x0000000090c00000, 0x0000000090d00000, 0x0000000090d00000|100%| E|CS|TAMS 0x0000000090c00000, 0x0000000090c00000| Complete 
| 107|0x0000000090d00000, 0x0000000090e00000, 0x0000000090e00000|100%| E|CS|TAMS 0x0000000090d00000, 0x0000000090d00000| Complete 
| 108|0x0000000090e00000, 0x0000000090f00000, 0x0000000090f00000|100%| E|CS|TAMS 0x0000000090e00000, 0x0000000090e00000| Complete 
| 109|0x0000000090f00000, 0x0000000091000000, 0x0000000091000000|100%| E|CS|TAMS 0x0000000090f00000, 0x0000000090f00000| Complete 
| 110|0x0000000091000000, 0x0000000091100000, 0x0000000091100000|100%| E|CS|TAMS 0x0000000091000000, 0x0000000091000000| Complete 
| 111|0x0000000091100000, 0x0000000091200000, 0x0000000091200000|100%| E|CS|TAMS 0x0000000091100000, 0x0000000091100000| Complete 
| 112|0x0000000091200000, 0x0000000091300000, 0x0000000091300000|100%| E|CS|TAMS 0x0000000091200000, 0x0000000091200000| Complete 
| 113|0x0000000091300000, 0x0000000091400000, 0x0000000091400000|100%| E|CS|TAMS 0x0000000091300000, 0x0000000091300000| Complete 
| 114|0x0000000091400000, 0x0000000091500000, 0x0000000091500000|100%| E|CS|TAMS 0x0000000091400000, 0x0000000091400000| Complete 
| 115|0x0000000091500000, 0x0000000091600000, 0x0000000091600000|100%| E|CS|TAMS 0x0000000091500000, 0x0000000091500000| Complete 
| 116|0x0000000091600000, 0x0000000091700000, 0x0000000091700000|100%| E|CS|TAMS 0x0000000091600000, 0x0000000091600000| Complete 
| 117|0x0000000091700000, 0x0000000091800000, 0x0000000091800000|100%| E|CS|TAMS 0x0000000091700000, 0x0000000091700000| Complete 

Card table byte_map: [0x00000243940e0000,0x0000024394490000] _byte_map_base: 0x0000024393c8f000

Marking Bits (Prev, Next): (CMBitMap*) 0x00000243ffa1d900, (CMBitMap*) 0x00000243ffa1d940
 Prev Bits: [0x0000024394840000, 0x00000243965b8000)
 Next Bits: [0x00000243965c0000, 0x0000024398338000)

Polling page: 0x00000243ff5c0000

Metaspace:

Usage:
  Non-class:     13.02 MB used.
      Class:      1.49 MB used.
       Both:     14.51 MB used.

Virtual space:
  Non-class space:       16.00 MB reserved,      13.06 MB ( 82%) committed,  2 nodes.
      Class space:        1.00 GB reserved,       1.56 MB ( <1%) committed,  1 nodes.
             Both:        1.02 GB reserved,      14.62 MB (  1%) committed. 

Chunk freelists:
   Non-Class:  2.31 MB
       Class:  2.41 MB
        Both:  4.72 MB

MaxMetaspaceSize: unlimited
CompressedClassSpaceSize: 1.00 GB
Initial GC threshold: 21.00 MB
Current GC threshold: 21.00 MB
CDS: off
MetaspaceReclaimPolicy: balanced
 - commit_granule_bytes: 65536.
 - commit_granule_words: 8192.
 - virtual_space_node_default_size: 1048576.
 - enlarge_chunks_in_place: 1.
 - new_chunks_are_fully_committed: 0.
 - uncommit_free_chunks: 1.
 - use_allocation_guard: 0.
 - handle_deallocations: 1.


Internal statistics:

num_allocs_failed_limit: 0.
num_arena_births: 92.
num_arena_deaths: 0.
num_vsnodes_births: 3.
num_vsnodes_deaths: 0.
num_space_committed: 234.
num_space_uncommitted: 0.
num_chunks_returned_to_freelist: 0.
num_chunks_taken_from_freelist: 328.
num_chunk_merges: 0.
num_chunk_splits: 154.
num_chunks_enlarged: 89.
num_purges: 0.
num_inconsistent_stats: 0.

CodeHeap 'non-profiled nmethods': size=120000Kb used=443Kb max_used=443Kb free=119556Kb
 bounds [0x000002438c4d0000, 0x000002438c740000, 0x0000024393a00000]
CodeHeap 'profiled nmethods': size=120000Kb used=2693Kb max_used=2693Kb free=117306Kb
 bounds [0x0000024384fa0000, 0x0000024385250000, 0x000002438c4d0000]
CodeHeap 'non-nmethods': size=5760Kb used=1226Kb max_used=1255Kb free=4533Kb
 bounds [0x0000024384a00000, 0x0000024384c70000, 0x0000024384fa0000]
 total_blobs=1801 nmethods=1352 adapters=362
 compilation: enabled
              stopped_count=0, restarted_count=0
 full_count=0

Compilation events (20 events):
Event: 1.483 Thread 0x000002439b801e60 1340       3       org.eclipse.jdt.launching.internal.org.objectweb.asm.SymbolTable::setMajorVersionAndClassName (19 bytes)
Event: 1.483 Thread 0x000002439b801e60 nmethod 1340 0x000002438523ac10 code [0x000002438523adc0, 0x000002438523afe8]
Event: 1.483 Thread 0x000002439b801e60 1345       3       jdk.internal.org.objectweb.asm.FieldWriter::computeFieldInfoSize (86 bytes)
Event: 1.484 Thread 0x000002439b801e60 nmethod 1345 0x000002438523b110 code [0x000002438523b2e0, 0x000002438523b5b8]
Event: 1.484 Thread 0x000002439b801e60 1346       3       jdk.internal.org.objectweb.asm.FieldWriter::putFieldInfo (269 bytes)
Event: 1.484 Thread 0x000002439b801560 1347       4       java.lang.StringUTF16::getChar (60 bytes)
Event: 1.485 Thread 0x000002439b801e60 nmethod 1346 0x000002438523b710 code [0x000002438523b980, 0x000002438523c2e8]
Event: 1.485 Thread 0x000002439b801e60 1341       3       org.eclipse.jdt.launching.internal.weaving.ClassfileTransformer$1::visitSource (125 bytes)
Event: 1.485 Thread 0x000002439b801e60 nmethod 1341 0x000002438523c690 code [0x000002438523c9e0, 0x000002438523d878]
Event: 1.485 Thread 0x000002439b801560 nmethod 1347 0x000002438c53ea90 code [0x000002438c53ec00, 0x000002438c53ecd8]
Event: 1.486 Thread 0x000002439b801e60 1348       3       java.lang.String::hashCode (60 bytes)
Event: 1.486 Thread 0x000002439b801e60 nmethod 1348 0x000002438523de90 code [0x000002438523e060, 0x000002438523e3d8]
Event: 1.488 Thread 0x000002439b801e60 1349       3       jdk.internal.org.objectweb.asm.FieldVisitor::<init> (88 bytes)
Event: 1.488 Thread 0x000002439b801e60 nmethod 1349 0x000002438523e510 code [0x000002438523e760, 0x000002438523f048]
Event: 1.488 Thread 0x000002439b801e60 1350       3       java.util.Spliterator::getExactSizeIfKnown (25 bytes)
Event: 1.488 Thread 0x000002439b801e60 nmethod 1350 0x000002438523f310 code [0x000002438523f4c0, 0x000002438523f7b8]
Event: 1.488 Thread 0x000002439b801e60 1351       3       java.util.stream.AbstractPipeline::sourceSpliterator (265 bytes)
Event: 1.489 Thread 0x000002439b801e60 nmethod 1351 0x000002438523f890 code [0x000002438523fb40, 0x0000024385240b28]
Event: 1.490 Thread 0x000002439b801e60 1352       3       org.eclipse.jdt.launching.internal.org.objectweb.asm.SymbolTable::addConstantUtf8Reference (20 bytes)
Event: 1.490 Thread 0x000002439b801e60 nmethod 1352 0x0000024385241090 code [0x0000024385241260, 0x0000024385241528]

GC Heap History (2 events):
Event: 1.166 GC heap before
{Heap before GC invocations=0 (full 0):
 garbage-first heap   total 120832K, used 20480K [0x000000008a200000, 0x0000000100000000)
  region size 1024K, 21 young (21504K), 0 survivors (0K)
 Metaspace       used 12535K, committed 12736K, reserved 1064960K
  class space    used 1187K, committed 1280K, reserved 1048576K
}
Event: 1.170 GC heap after
{Heap after GC invocations=1 (full 0):
 garbage-first heap   total 120832K, used 2240K [0x000000008a200000, 0x0000000100000000)
  region size 1024K, 3 young (3072K), 3 survivors (3072K)
 Metaspace       used 12535K, committed 12736K, reserved 1064960K
  class space    used 1187K, committed 1280K, reserved 1048576K
}

Deoptimization events (20 events):
Event: 1.482 Thread 0x00000243ff9c80f0 Uncommon trap: trap_request=0xffffff45 fr.pc=0x000002438c51104c relative=0x000000000000088c
Event: 1.482 Thread 0x00000243ff9c80f0 Uncommon trap: reason=unstable_if action=reinterpret pc=0x000002438c51104c method=java.lang.String.<init>([CIILjava/lang/Void;)V @ 43 c2
Event: 1.482 Thread 0x00000243ff9c80f0 DEOPT PACKING pc=0x000002438c51104c sp=0x00000081687fa0a0
Event: 1.482 Thread 0x00000243ff9c80f0 DEOPT UNPACKING pc=0x0000024384a523a3 sp=0x00000081687f9f10 mode 2
Event: 1.482 Thread 0x00000243ff9c80f0 Uncommon trap: trap_request=0xffffff45 fr.pc=0x000002438c538db4 relative=0x0000000000000594
Event: 1.482 Thread 0x00000243ff9c80f0 Uncommon trap: reason=unstable_if action=reinterpret pc=0x000002438c538db4 method=java.lang.String.hashCode()I @ 20 c2
Event: 1.482 Thread 0x00000243ff9c80f0 DEOPT PACKING pc=0x000002438c538db4 sp=0x00000081687fa0e0
Event: 1.482 Thread 0x00000243ff9c80f0 DEOPT UNPACKING pc=0x0000024384a523a3 sp=0x00000081687f9fc0 mode 2
Event: 1.482 Thread 0x00000243ff9c80f0 Uncommon trap: trap_request=0xffffff45 fr.pc=0x000002438c50b850 relative=0x0000000000000610
Event: 1.482 Thread 0x00000243ff9c80f0 Uncommon trap: reason=unstable_if action=reinterpret pc=0x000002438c50b850 method=java.lang.String.<init>([CIILjava/lang/Void;)V @ 43 c2
Event: 1.482 Thread 0x00000243ff9c80f0 DEOPT PACKING pc=0x000002438c50b850 sp=0x00000081687fa000
Event: 1.482 Thread 0x00000243ff9c80f0 DEOPT UNPACKING pc=0x0000024384a523a3 sp=0x00000081687f9f00 mode 2
Event: 1.482 Thread 0x00000243ff9c80f0 Uncommon trap: trap_request=0xffffff45 fr.pc=0x000002438c4d9934 relative=0x00000000000001b4
Event: 1.482 Thread 0x00000243ff9c80f0 Uncommon trap: reason=unstable_if action=reinterpret pc=0x000002438c4d9934 method=java.lang.String.isLatin1()Z @ 10 c2
Event: 1.482 Thread 0x00000243ff9c80f0 DEOPT PACKING pc=0x000002438c4d9934 sp=0x00000081687fa030
Event: 1.482 Thread 0x00000243ff9c80f0 DEOPT UNPACKING pc=0x0000024384a523a3 sp=0x00000081687f9f60 mode 2
Event: 1.483 Thread 0x00000243ff9c80f0 Uncommon trap: trap_request=0xffffff45 fr.pc=0x000002438c4e40c8 relative=0x0000000000000048
Event: 1.483 Thread 0x00000243ff9c80f0 Uncommon trap: reason=unstable_if action=reinterpret pc=0x000002438c4e40c8 method=java.lang.CharacterData.of(I)Ljava/lang/CharacterData; @ 4 c2
Event: 1.483 Thread 0x00000243ff9c80f0 DEOPT PACKING pc=0x000002438c4e40c8 sp=0x00000081687fba10
Event: 1.483 Thread 0x00000243ff9c80f0 DEOPT UNPACKING pc=0x0000024384a523a3 sp=0x00000081687fb9b0 mode 2

Classes unloaded (0 events):
No events

Classes redefined (1 events):
Event: 71.967 Thread 0x000002439abdcca0 redefined class name=eda1.practicas.practica01.Mascota, count=1

Internal exceptions (20 events):
Event: 1.177 Thread 0x00000243ff9c80f0 Exception <a 'java/lang/NoSuchMethodError'{0x0000000091727ce8}: 'java.lang.Object java.lang.invoke.DirectMethodHandle$Holder.invokeSpecialIFC(java.lang.Object, java.lang.Object, java.lang.Object, java.lang.Object)'> (0x0000000091727ce8) 
thrown [s\src\hotspot\share\interpreter\linkResolver.cpp, line 759]
Event: 1.182 Thread 0x00000243ff9c80f0 Exception <a 'java/lang/NoSuchMethodError'{0x000000009174f788}: 'java.lang.Object java.lang.invoke.DirectMethodHandle$Holder.invokeInterface(java.lang.Object, java.lang.Object, java.lang.Object)'> (0x000000009174f788) 
thrown [s\src\hotspot\share\interpreter\linkResolver.cpp, line 759]
Event: 1.188 Thread 0x00000243ff9c80f0 Exception <a 'java/lang/NoSuchMethodError'{0x00000000917d9528}: 'int java.lang.invoke.DirectMethodHandle$Holder.invokeStatic(java.lang.Object, java.lang.Object, java.lang.Object, java.lang.Object)'> (0x00000000917d9528) 
thrown [s\src\hotspot\share\interpreter\linkResolver.cpp, line 759]
Event: 1.196 Thread 0x00000243ff9c80f0 Exception <a 'java/lang/NoSuchMethodError'{0x000000009167ab88}: 'void java.lang.invoke.DirectMethodHandle$Holder.invokeInterface(java.lang.Object, java.lang.Object, java.lang.Object, java.lang.Object, java.lang.Object)'> (0x000000009167ab88) 
thrown [s\src\hotspot\share\interpreter\linkResolver.cpp, line 759]
Event: 1.196 Thread 0x00000243ff9c80f0 Exception <a 'java/lang/IncompatibleClassChangeError'{0x000000009167eb00}: Found class java.lang.Object, but interface was expected> (0x000000009167eb00) 
thrown [s\src\hotspot\share\interpreter\linkResolver.cpp, line 826]
Event: 1.203 Thread 0x00000243ff9c80f0 Exception <a 'java/lang/NoSuchMethodError'{0x00000000916d3688}: 'void java.lang.invoke.DirectMethodHandle$Holder.invokeInterface(java.lang.Object, java.lang.Object, java.lang.Object)'> (0x00000000916d3688) 
thrown [s\src\hotspot\share\interpreter\linkResolver.cpp, line 759]
Event: 1.204 Thread 0x00000243ff9c80f0 Exception <a 'java/lang/IncompatibleClassChangeError'{0x00000000916d6cf0}: Found class java.lang.Object, but interface was expected> (0x00000000916d6cf0) 
thrown [s\src\hotspot\share\interpreter\linkResolver.cpp, line 826]
Event: 1.227 Thread 0x00000243ff9c80f0 Exception <a 'java/lang/NoSuchMethodError'{0x0000000091575638}: 'void java.lang.invoke.DirectMethodHandle$Holder.invokeSpecial(java.lang.Object, java.lang.Object, java.lang.Object, java.lang.Object, java.lang.Object)'> (0x0000000091575638) 
thrown [s\src\hotspot\share\interpreter\linkResolver.cpp, line 759]
Event: 1.234 Thread 0x00000243ff9c80f0 Exception <a 'java/lang/NoSuchMethodError'{0x00000000915a3f88}: 'java.lang.Object java.lang.invoke.Invokers$Holder.invokeExact_MT(java.lang.Object, java.lang.Object, java.lang.Object, java.lang.Object, java.lang.Object, java.lang.Object)'> (0x00000000915a3f88) 
thrown [s\src\hotspot\share\interpreter\linkResolver.cpp, line 759]
Event: 1.341 Thread 0x00000243ff9c80f0 Exception <a 'java/lang/NoSuchMethodError'{0x00000000910d6828}: 'void java.lang.invoke.DirectMethodHandle$Holder.invokeInterface(java.lang.Object, java.lang.Object, java.lang.Object, java.lang.Object)'> (0x00000000910d6828) 
thrown [s\src\hotspot\share\interpreter\linkResolver.cpp, line 759]
Event: 1.342 Thread 0x00000243ff9c80f0 Exception <a 'java/lang/IncompatibleClassChangeError'{0x00000000910da150}: Found class java.lang.Object, but interface was expected> (0x00000000910da150) 
thrown [s\src\hotspot\share\interpreter\linkResolver.cpp, line 826]
Event: 1.348 Thread 0x00000243ff9c80f0 Exception <a 'java/lang/NoSuchMethodError'{0x0000000090f2ac50}: 'void java.lang.invoke.DirectMethodHandle$Holder.invokeStatic(java.lang.Object, java.lang.Object, java.lang.Object, java.lang.Object)'> (0x0000000090f2ac50) 
thrown [s\src\hotspot\share\interpreter\linkResolver.cpp, line 759]
Event: 1.364 Thread 0x00000243ff9c80f0 Exception <a 'java/lang/NoSuchMethodError'{0x0000000090ffea88}: 'int java.lang.invoke.DirectMethodHandle$Holder.invokeStatic(java.lang.Object, java.lang.Object, java.lang.Object, java.lang.Object, java.lang.Object)'> (0x0000000090ffea88) 
thrown [s\src\hotspot\share\interpreter\linkResolver.cpp, line 759]
Event: 1.377 Thread 0x00000243ff9c80f0 Exception <a 'java/lang/NoSuchMethodError'{0x0000000090e84ae8}: 'void java.lang.invoke.DirectMethodHandle$Holder.invokeStaticInit(java.lang.Object)'> (0x0000000090e84ae8) 
thrown [s\src\hotspot\share\interpreter\linkResolver.cpp, line 759]
Event: 1.415 Thread 0x00000243ff9c80f0 Exception <a 'java/lang/NoSuchMethodError'{0x0000000090cef810}: 'int java.lang.invoke.DirectMethodHandle$Holder.invokeStaticInit(java.lang.Object, java.lang.Object)'> (0x0000000090cef810) 
thrown [s\src\hotspot\share\interpreter\linkResolver.cpp, line 759]
Event: 1.456 Thread 0x00000243ff9c80f0 Exception <a 'java/lang/NoSuchMethodError'{0x0000000090a4ea20}: 'java.lang.Object java.lang.invoke.DirectMethodHandle$Holder.newInvokeSpecial(java.lang.Object, java.lang.Object, java.lang.Object, java.lang.Object, java.lang.Object, java.lang.Object, java.lang.Object)'> (0x0000000090a4ea20) 
thrown [s\src\hotspot\share\interpreter\linkResolver.cpp, line 759]
Event: 1.457 Thread 0x00000243ff9c80f0 Exception <a 'java/lang/NoSuchMethodError'{0x0000000090a535d8}: 'java.lang.Object java.lang.invoke.Invokers$Holder.linkToTargetMethod(java.lang.Object, java.lang.Object, java.lang.Object, java.lang.Object, java.lang.Object, java.lang.Object, java.lang.Object)'> (0x0000000090a535d8) 
thrown [s\src\hotspot\share\interpreter\linkResolver.cpp, line 759]
Event: 1.460 Thread 0x00000243ff9c80f0 Exception <a 'java/lang/NoSuchMethodError'{0x0000000090a68938}: 'java.lang.Object java.lang.invoke.DirectMethodHandle$Holder.invokeInterface(java.lang.Object, java.lang.Object, java.lang.Object, java.lang.Object, java.lang.Object)'> (0x0000000090a68938) 
thrown [s\src\hotspot\share\interpreter\linkResolver.cpp, line 759]
Event: 1.460 Thread 0x00000243ff9c80f0 Exception <a 'java/lang/IncompatibleClassChangeError'{0x0000000090a6c730}: Found class java.lang.Object, but interface was expected> (0x0000000090a6c730) 
thrown [s\src\hotspot\share\interpreter\linkResolver.cpp, line 826]
Event: 1.466 Thread 0x00000243ff9c80f0 Exception <a 'java/lang/NoSuchMethodError'{0x0000000090ade8d8}: 'java.lang.Object java.lang.invoke.DirectMethodHandle$Holder.newInvokeSpecial(java.lang.Object, java.lang.Object, java.lang.Object, java.lang.Object, java.lang.Object, java.lang.Object)'> (0x0000000090ade8d8) 
thrown [s\src\hotspot\share\interpreter\linkResolver.cpp, line 759]

VM Operations (20 events):
Event: 39.600 Executing VM operation: get/set locals
Event: 39.600 Executing VM operation: get/set locals done
Event: 39.601 Executing VM operation: get/set locals
Event: 39.601 Executing VM operation: get/set locals done
Event: 39.602 Executing VM operation: get/set locals
Event: 39.602 Executing VM operation: get/set locals done
Event: 39.602 Executing VM operation: get/set locals
Event: 39.602 Executing VM operation: get/set locals done
Event: 39.603 Executing VM operation: get/set locals
Event: 39.603 Executing VM operation: get/set locals done
Event: 39.604 Executing VM operation: get/set locals
Event: 39.604 Executing VM operation: get/set locals done
Event: 39.775 Executing VM operation: get/set locals
Event: 39.775 Executing VM operation: get/set locals done
Event: 55.076 Executing VM operation: get/set locals
Event: 55.076 Executing VM operation: get/set locals done
Event: 55.113 Executing VM operation: get/set locals
Event: 55.113 Executing VM operation: get/set locals done
Event: 71.964 Executing VM operation: RedefineClasses
Event: 71.976 Executing VM operation: RedefineClasses done

Events (20 events):
Event: 1.445 loading class java/util/stream/SpinedBuffer done
Event: 1.445 loading class java/util/function/BooleanSupplier
Event: 1.445 loading class java/util/function/BooleanSupplier done
Event: 1.450 loading class java/time/temporal/TemporalUnit
Event: 1.450 loading class java/time/temporal/TemporalUnit done
Event: 1.464 loading class java/util/ArrayList$ListItr
Event: 1.464 loading class java/util/ArrayList$ListItr done
Event: 1.469 loading class sun/nio/ch/IOStatus
Event: 1.469 loading class sun/nio/ch/IOStatus done
Event: 1.482 loading class java/time/format/DateTimeParseException
Event: 1.482 loading class java/time/DateTimeException
Event: 1.482 loading class java/time/DateTimeException done
Event: 1.482 loading class java/time/format/DateTimeParseException done
Event: 1.483 loading class java/lang/CharacterData00
Event: 1.483 loading class java/lang/CharacterData00 done
Event: 1.486 loading class java/util/concurrent/atomic/AtomicReference
Event: 1.486 loading class java/util/concurrent/atomic/AtomicReference done
Event: 6.492 Thread 0x000002439c264b50 Thread exited: 0x000002439c264b50
Event: 17.208 loading class java/util/LinkedList$ListItr
Event: 17.209 loading class java/util/LinkedList$ListItr done


Dynamic libraries:
0x00007ff78d0e0000 - 0x00007ff78d0ee000 	C:\ECLIPESES\eclipse092022\plugins\org.eclipse.justj.openjdk.hotspot.jre.full.win32.x86_64_17.0.4.v20220903-1038\jre\bin\javaw.exe
0x00007ffb09280000 - 0x00007ffb09489000 	C:\WINDOWS\SYSTEM32\ntdll.dll
0x00007ffb07690000 - 0x00007ffb0774e000 	C:\WINDOWS\System32\KERNEL32.DLL
0x00007ffb06bf0000 - 0x00007ffb06f6c000 	C:\WINDOWS\System32\KERNELBASE.dll
0x00007ffb06fe0000 - 0x00007ffb070f1000 	C:\WINDOWS\System32\ucrtbase.dll
0x00007ffaf77f0000 - 0x00007ffaf7809000 	C:\ECLIPESES\eclipse092022\plugins\org.eclipse.justj.openjdk.hotspot.jre.full.win32.x86_64_17.0.4.v20220903-1038\jre\bin\VCRUNTIME140.dll
0x00007ffaf7810000 - 0x00007ffaf7828000 	C:\ECLIPESES\eclipse092022\plugins\org.eclipse.justj.openjdk.hotspot.jre.full.win32.x86_64_17.0.4.v20220903-1038\jre\bin\jli.dll
0x00007ffb08e30000 - 0x00007ffb08fdd000 	C:\WINDOWS\System32\USER32.dll
0x00007ffb067d0000 - 0x00007ffb067f6000 	C:\WINDOWS\System32\win32u.dll
0x00007ffb09210000 - 0x00007ffb09239000 	C:\WINDOWS\System32\GDI32.dll
0x00007ffb06a10000 - 0x00007ffb06b28000 	C:\WINDOWS\System32\gdi32full.dll
0x00007ffb06970000 - 0x00007ffb06a0d000 	C:\WINDOWS\System32\msvcp_win.dll
0x00007ffaf6190000 - 0x00007ffaf6435000 	C:\WINDOWS\WinSxS\amd64_microsoft.windows.common-controls_6595b64144ccf1df_6.0.22000.120_none_9d947278b86cc467\COMCTL32.dll
0x00007ffb081f0000 - 0x00007ffb08293000 	C:\WINDOWS\System32\msvcrt.dll
0x00007ffb07290000 - 0x00007ffb072c2000 	C:\WINDOWS\System32\IMM32.DLL
0x00007ffb02dc0000 - 0x00007ffb02dcc000 	C:\ECLIPESES\eclipse092022\plugins\org.eclipse.justj.openjdk.hotspot.jre.full.win32.x86_64_17.0.4.v20220903-1038\jre\bin\vcruntime140_1.dll
0x00007ffada1c0000 - 0x00007ffada251000 	C:\ECLIPESES\eclipse092022\plugins\org.eclipse.justj.openjdk.hotspot.jre.full.win32.x86_64_17.0.4.v20220903-1038\jre\bin\msvcp140.dll
0x00007ffa8d880000 - 0x00007ffa8e4c6000 	C:\ECLIPESES\eclipse092022\plugins\org.eclipse.justj.openjdk.hotspot.jre.full.win32.x86_64_17.0.4.v20220903-1038\jre\bin\server\jvm.dll
0x00007ffb075e0000 - 0x00007ffb0768e000 	C:\WINDOWS\System32\ADVAPI32.dll
0x00007ffb083a0000 - 0x00007ffb0843e000 	C:\WINDOWS\System32\sechost.dll
0x00007ffb07770000 - 0x00007ffb07890000 	C:\WINDOWS\System32\RPCRT4.dll
0x00007ffb07c70000 - 0x00007ffb07c78000 	C:\WINDOWS\System32\PSAPI.DLL
0x00007ffaefe40000 - 0x00007ffaefe49000 	C:\WINDOWS\SYSTEM32\WSOCK32.dll
0x00007ffb08fe0000 - 0x00007ffb0904f000 	C:\WINDOWS\System32\WS2_32.dll
0x00007ffb01aa0000 - 0x00007ffb01ad3000 	C:\WINDOWS\SYSTEM32\WINMM.dll
0x00007ffb01880000 - 0x00007ffb0188a000 	C:\WINDOWS\SYSTEM32\VERSION.dll
0x00007ffb05790000 - 0x00007ffb057a8000 	C:\WINDOWS\SYSTEM32\kernel.appcore.dll
0x00007ffb02950000 - 0x00007ffb0295a000 	C:\ECLIPESES\eclipse092022\plugins\org.eclipse.justj.openjdk.hotspot.jre.full.win32.x86_64_17.0.4.v20220903-1038\jre\bin\jimage.dll
0x00007ffaf8d90000 - 0x00007ffaf8fb1000 	C:\WINDOWS\SYSTEM32\DBGHELP.DLL
0x00007ffaf8510000 - 0x00007ffaf8541000 	C:\WINDOWS\SYSTEM32\dbgcore.DLL
0x00007ffb06750000 - 0x00007ffb067cf000 	C:\WINDOWS\System32\bcryptPrimitives.dll
0x00007ffaf4430000 - 0x00007ffaf446b000 	C:\ECLIPESES\eclipse092022\plugins\org.eclipse.justj.openjdk.hotspot.jre.full.win32.x86_64_17.0.4.v20220903-1038\jre\bin\jdwp.dll
0x00007ffaf8440000 - 0x00007ffaf844e000 	C:\ECLIPESES\eclipse092022\plugins\org.eclipse.justj.openjdk.hotspot.jre.full.win32.x86_64_17.0.4.v20220903-1038\jre\bin\instrument.dll
0x00007ffaf7640000 - 0x00007ffaf7665000 	C:\ECLIPESES\eclipse092022\plugins\org.eclipse.justj.openjdk.hotspot.jre.full.win32.x86_64_17.0.4.v20220903-1038\jre\bin\java.dll
0x00007ffaf83b0000 - 0x00007ffaf83c8000 	C:\ECLIPESES\eclipse092022\plugins\org.eclipse.justj.openjdk.hotspot.jre.full.win32.x86_64_17.0.4.v20220903-1038\jre\bin\zip.dll
0x00007ffb08660000 - 0x00007ffb08e25000 	C:\WINDOWS\System32\SHELL32.dll
0x00007ffb04800000 - 0x00007ffb05065000 	C:\WINDOWS\SYSTEM32\windows.storage.dll
0x00007ffb07890000 - 0x00007ffb07c08000 	C:\WINDOWS\System32\combase.dll
0x00007ffb04690000 - 0x00007ffb047f6000 	C:\WINDOWS\SYSTEM32\wintypes.dll
0x00007ffb09050000 - 0x00007ffb0913a000 	C:\WINDOWS\System32\SHCORE.dll
0x00007ffb08180000 - 0x00007ffb081dd000 	C:\WINDOWS\System32\shlwapi.dll
0x00007ffb06680000 - 0x00007ffb066a1000 	C:\WINDOWS\SYSTEM32\profapi.dll
0x00007ffaf7750000 - 0x00007ffaf775c000 	C:\ECLIPESES\eclipse092022\plugins\org.eclipse.justj.openjdk.hotspot.jre.full.win32.x86_64_17.0.4.v20220903-1038\jre\bin\dt_socket.dll
0x00007ffb052b0000 - 0x00007ffb052dd000 	C:\WINDOWS\SYSTEM32\IPHLPAPI.DLL
0x00007ffb05c30000 - 0x00007ffb05c97000 	C:\WINDOWS\system32\mswsock.dll
0x00007ffb052e0000 - 0x00007ffb053c8000 	C:\WINDOWS\SYSTEM32\DNSAPI.dll
0x00007ffb082a0000 - 0x00007ffb082a9000 	C:\WINDOWS\System32\NSI.dll
0x00007ffb00430000 - 0x00007ffb0043a000 	C:\Windows\System32\rasadhlp.dll
0x00007ffb001f0000 - 0x00007ffb00271000 	C:\WINDOWS\System32\fwpuclnt.dll
0x00007ffaf75d0000 - 0x00007ffaf75e9000 	C:\ECLIPESES\eclipse092022\plugins\org.eclipse.justj.openjdk.hotspot.jre.full.win32.x86_64_17.0.4.v20220903-1038\jre\bin\net.dll
0x00007ffb01980000 - 0x00007ffb01a94000 	C:\WINDOWS\SYSTEM32\WINHTTP.dll
0x00007ffaf4470000 - 0x00007ffaf4485000 	C:\ECLIPESES\eclipse092022\plugins\org.eclipse.justj.openjdk.hotspot.jre.full.win32.x86_64_17.0.4.v20220903-1038\jre\bin\nio.dll
0x00007ffb01e30000 - 0x00007ffb01e40000 	C:\ECLIPESES\eclipse092022\plugins\org.eclipse.justj.openjdk.hotspot.jre.full.win32.x86_64_17.0.4.v20220903-1038\jre\bin\verify.dll
0x00007ffb01770000 - 0x00007ffb01789000 	C:\WINDOWS\SYSTEM32\dhcpcsvc6.DLL
0x00007ffb02300000 - 0x00007ffb0231e000 	C:\WINDOWS\SYSTEM32\dhcpcsvc.DLL

dbghelp: loaded successfully - version: 4.0.5 - missing functions: none
symbol engine: initialized successfully - sym options: 0x614 - pdb path: .;C:\ECLIPESES\eclipse092022\plugins\org.eclipse.justj.openjdk.hotspot.jre.full.win32.x86_64_17.0.4.v20220903-1038\jre\bin;C:\WINDOWS\SYSTEM32;C:\WINDOWS\WinSxS\amd64_microsoft.windows.common-controls_6595b64144ccf1df_6.0.22000.120_none_9d947278b86cc467;C:\ECLIPESES\eclipse092022\plugins\org.eclipse.justj.openjdk.hotspot.jre.full.win32.x86_64_17.0.4.v20220903-1038\jre\bin\server

VM Arguments:
jvm_args: -XX:+ShowCodeDetailsInExceptionMessages -agentlib:jdwp=transport=dt_socket,suspend=y,address=localhost:61456 -ea -javaagent:C:\ECLIPESES\eclipse092022\configuration\org.eclipse.osgi\228\0\.cp\lib\javaagent-shaded.jar -Dfile.encoding=UTF-8 
java_command: org.eclipse.jdt.internal.junit.runner.RemoteTestRunner -version 3 -port 61455 -testLoaderClass org.eclipse.jdt.internal.junit5.runner.JUnit5TestLoader -loaderpluginname org.eclipse.jdt.junit5.runtime -test eda1.practicas.practica01.Practica01Test:test01 -uniqueId [engine:junit-jupiter]/[class:eda1.practicas.practica01.Practica01Test]/[method:test01()]
java_class_path (initial): C:\ECLIPESES\eclipse092022\plugins\junit-jupiter-api_5.9.0.jar;C:\ECLIPESES\eclipse092022\plugins\junit-jupiter-engine_5.9.0.jar;C:\ECLIPESES\eclipse092022\plugins\junit-jupiter-migrationsupport_5.9.0.jar;C:\ECLIPESES\eclipse092022\plugins\junit-jupiter-params_5.9.0.jar;C:\ECLIPESES\eclipse092022\plugins\junit-platform-commons_1.9.0.jar;C:\ECLIPESES\eclipse092022\plugins\junit-platform-engine_1.9.0.jar;C:\ECLIPESES\eclipse092022\plugins\junit-platform-launcher_1.9.0.jar;C:\ECLIPESES\eclipse092022\plugins\junit-platform-runner_1.9.0.jar;C:\ECLIPESES\eclipse092022\plugins\junit-platform-suite-api_1.9.0.jar;C:\ECLIPESES\eclipse092022\plugins\junit-platform-suite-engine_1.9.0.jar;C:\ECLIPESES\eclipse092022\plugins\junit-platform-suite-commons_1.9.0.jar;C:\ECLIPESES\eclipse092022\plugins\junit-vintage-engine_5.9.0.jar;C:\ECLIPESES\eclipse092022\plugins\org.opentest4j_1.2.0.jar;C:\ECLIPESES\eclipse092022\plugins\org.apiguardian.api_1.1.2.jar;C:\ECLIPESES\eclipse092022\plugins\org.junit_4.13.2.v20211018-1956.jar;C:\ECLIPESES\eclipse092022\plugins\org.hamcrest.core_1.3.0.v20180420-1519.jar;C:\WORKPLACES\MP2023\EDA1_2024_pruebas\bin;C:\ECLIPESES\eclipse092022\configuration\org.eclipse.osgi\227\0\.cp;C:\ECLIPESES\eclipse092022\configuration\org.eclipse.osgi\225\0\.cp
Launcher Type: SUN_STANDARD

[Global flags]
     intx CICompilerCount                          = 3                                         {product} {ergonomic}
     uint ConcGCThreads                            = 2                                         {product} {ergonomic}
     uint G1ConcRefinementThreads                  = 6                                         {product} {ergonomic}
   size_t G1HeapRegionSize                         = 1048576                                   {product} {ergonomic}
    uintx GCDrainStackTargetSize                   = 64                                        {product} {ergonomic}
   size_t InitialHeapSize                          = 123731968                                 {product} {ergonomic}
   size_t MarkStackSize                            = 4194304                                   {product} {ergonomic}
   size_t MaxHeapSize                              = 1977614336                                {product} {ergonomic}
   size_t MaxNewSize                               = 1185939456                                {product} {ergonomic}
   size_t MinHeapDeltaBytes                        = 1048576                                   {product} {ergonomic}
   size_t MinHeapSize                              = 8388608                                   {product} {ergonomic}
    uintx NonNMethodCodeHeapSize                   = 5832780                                {pd product} {ergonomic}
    uintx NonProfiledCodeHeapSize                  = 122912730                              {pd product} {ergonomic}
    uintx ProfiledCodeHeapSize                     = 122912730                              {pd product} {ergonomic}
    uintx ReservedCodeCacheSize                    = 251658240                              {pd product} {ergonomic}
     bool SegmentedCodeCache                       = true                                      {product} {ergonomic}
     bool ShowCodeDetailsInExceptionMessages       = true                                   {manageable} {command line}
   size_t SoftMaxHeapSize                          = 1977614336                             {manageable} {ergonomic}
     bool UseCompressedClassPointers               = true                           {product lp64_product} {ergonomic}
     bool UseCompressedOops                        = true                           {product lp64_product} {ergonomic}
     bool UseG1GC                                  = true                                      {product} {ergonomic}
     bool UseLargePagesIndividualAllocation        = false                                  {pd product} {ergonomic}

Logging:
Log output configuration:
 #0: stdout all=warning uptime,level,tags
 #1: stderr all=off uptime,level,tags

Environment Variables:
PATH=C:\ECLIPESES\eclipse092022\plugins\org.eclipse.justj.openjdk.hotspot.jre.full.win32.x86_64_17.0.4.v20220903-1038\jre\bin;C:/ECLIPESES/eclipse092022//plugins/org.eclipse.justj.openjdk.hotspot.jre.full.win32.x86_64_17.0.4.v20220903-1038/jre/bin/server;C:/ECLIPESES/eclipse092022//plugins/org.eclipse.justj.openjdk.hotspot.jre.full.win32.x86_64_17.0.4.v20220903-1038/jre/bin;C:\Program Files\Common Files\Oracle\Java\javapath;C:\WINDOWS\system32;C:\WINDOWS;C:\WINDOWS\System32\Wbem;C:\WINDOWS\System32\WindowsPowerShell\v1.0\;C:\WINDOWS\System32\OpenSSH\;C:\Program Files\Wolfram Research\WolframScript\;C:\Program Files\Docker\Docker\resources\bin;C:\ProgramData\DockerDesktop\version-bin;C:\OrCAD\OrCAD_16.6_Lite\OpenAccess\bin\win32\opt;C:\OrCAD\OrCAD_16.6_Lite\tools\pcb\bin;C:\OrCAD\OrCAD_16.6_Lite\tools\fet\bin;C:\OrCAD\OrCAD_16.6_Lite\tools\Capture;C:\OrCAD\OrCAD_16.6_Lite\tools\PSpice;C:\OrCAD\OrCAD_16.6_Lite\tools\specctra\bin;C:\OrCAD\OrCAD_16.6_Lite\tools\bin;C:\Users\franco\AppData\Local\Microsoft\WindowsApps;;C:\Users\franco\AppData\Local\Programs\Microsoft VS Code\bin;C:\ECLIPESES\eclipse092022;
USERNAME=franco
OS=Windows_NT
PROCESSOR_IDENTIFIER=AMD64 Family 23 Model 96 Stepping 1, AuthenticAMD
TMP=C:\Users\franco\AppData\Local\Temp
TEMP=C:\Users\franco\AppData\Local\Temp



---------------  S Y S T E M  ---------------

OS:
 Windows 11 , 64 bit Build 22000 (10.0.22000.1516)
OS uptime: 8 days 0:02 hours
Hyper-V role detected

CPU: total 6 (initial active 6) (6 cores per cpu, 1 threads per core) family 23 model 96 stepping 1 microcode 0x0, cx8, cmov, fxsr, mmx, 3dnowpref, sse, sse2, sse3, ssse3, sse4a, sse4.1, sse4.2, popcnt, lzcnt, tsc, tscinvbit, avx, avx2, aes, clmul, bmi1, bmi2, adx, sha, fma, vzeroupper, clflush, clflushopt, hv

Memory: 4k page, system-wide physical 7541M (1834M free)
TotalPageFile size 17269M (AvailPageFile size 7201M)
current process WorkingSet (physical memory assigned to process): 76M, peak: 81M
current process commit charge ("private bytes"): 207M, peak: 211M

vm_info: OpenJDK 64-Bit Server VM (17.0.4.1+1) for windows-amd64 JRE (17.0.4.1+1), built on Aug 17 2022 07:42:43 by "temurin" with MS VC++ 16.7 (VS2019)

END.
